Base path: C:/Program Files/Unity/Editor/Data
Pipe name: \\.\pipe\UnityShaderCompiler-64bit-4-4452
Cmd: getPlatforms
Cmd: compileSnippet
  api=1 type=0 insize=1482 outsize=335 kw=SOFTPARTICLES_ON pd= ok=1
Cmd: compileSnippet
  api=4 type=1 insize=1482 outsize=1550 kw=SOFTPARTICLES_ON pd= ok=1
Cmd: compileSnippet
  api=1 type=0 insize=4597 outsize=1310 kw=POINT pd= ok=1
Cmd: compileSnippet
  api=1 type=0 insize=4597 outsize=1472 kw=SPOT pd= ok=1
Cmd: compileSnippet
  api=8 type=1 insize=4597 outsize=1414 kw= pd=UNITY_NO_SCREENSPACE_SHADOWS UNITY_NO_LINEAR_COLORSPACE ok=1
Cmd: compileSnippet
  api=4 type=1 insize=4597 outsize=981 kw=SPOT pd= ok=1
Cmd: compileSnippet
  api=4 type=0 insize=2082 outsize=1648 kw= pd= ok=1
Cmd: compileSnippet
  api=8 type=1 insize=2082 outsize=1918 kw= pd=UNITY_NO_SCREENSPACE_SHADOWS UNITY_NO_LINEAR_COLORSPACE ok=1
Cmd: compileSnippet
  api=8 type=0 insize=541 outsize=5395 kw=SHADOWS_DEPTH pd=UNITY_NO_SCREENSPACE_SHADOWS UNITY_NO_LINEAR_COLORSPACE ok=1
Cmd: compileSnippet
  api=4 type=1 insize=541 outsize=697 kw=SHADOWS_CUBE pd= ok=1
Cmd: compileSnippet
  api=1 type=0 insize=6924 outsize=708 kw=DIRECTIONAL SHADOWS_SCREEN LIGHTMAP_OFF DIRLIGHTMAP_OFF DYNAMICLIGHTMAP_OFF pd= ok=1
Cmd: compileSnippet
  api=4 type=0 insize=6924 outsize=5117 kw=DIRECTIONAL SHADOWS_OFF LIGHTMAP_OFF DIRLIGHTMAP_OFF DYNAMICLIGHTMAP_OFF VERTEXLIGHT_ON pd= ok=1
Cmd: compileSnippet
  api=8 type=0 insize=6924 outsize=6289 kw=DIRECTIONAL SHADOWS_SCREEN SHADOWS_NATIVE LIGHTMAP_OFF DIRLIGHTMAP_OFF DYNAMICLIGHTMAP_OFF pd=UNITY_NO_SCREENSPACE_SHADOWS UNITY_NO_LINEAR_COLORSPACE ok=1
Cmd: compileSnippet
  api=8 type=1 insize=6924 outsize=1950 kw=DIRECTIONAL SHADOWS_OFF LIGHTMAP_OFF DIRLIGHTMAP_OFF DYNAMICLIGHTMAP_OFF pd=UNITY_NO_SCREENSPACE_SHADOWS UNITY_NO_LINEAR_COLORSPACE ok=1
Cmd: compileSnippet
  api=1 type=0 insize=3695 outsize=339 kw=DIRECTIONAL pd= ok=1
Cmd: compileSnippet
  api=8 type=0 insize=3695 outsize=3892 kw=DIRECTIONAL pd=UNITY_NO_SCREENSPACE_SHADOWS UNITY_NO_LINEAR_COLORSPACE ok=1
Cmd: compileSnippet
  api=8 type=0 insize=3695 outsize=3892 kw=POINT_COOKIE pd=UNITY_NO_SCREENSPACE_SHADOWS UNITY_NO_LINEAR_COLORSPACE ok=1
Cmd: compileSnippet
  api=1 type=1 insize=3695 outsize=223 kw=DIRECTIONAL pd= ok=1
Cmd: compileSnippet
  api=1 type=1 insize=3695 outsize=585 kw=SPOT pd= ok=1
Cmd: compileSnippet
  api=4 type=1 insize=3695 outsize=2135 kw=POINT_COOKIE pd= ok=1
Cmd: compileSnippet
  api=4 type=1 insize=3695 outsize=1672 kw=DIRECTIONAL_COOKIE pd= ok=1
Cmd: compileSnippet
  api=8 type=0 insize=5962 outsize=5826 kw=LIGHTMAP_OFF DIRLIGHTMAP_OFF DYNAMICLIGHTMAP_OFF HDR_LIGHT_PREPASS_OFF pd=UNITY_NO_SCREENSPACE_SHADOWS UNITY_NO_LINEAR_COLORSPACE ok=1
Cmd: compileSnippet
  api=8 type=1 insize=5962 outsize=2039 kw=LIGHTMAP_OFF DIRLIGHTMAP_OFF DYNAMICLIGHTMAP_OFF HDR_LIGHT_PREPASS_OFF pd=UNITY_NO_SCREENSPACE_SHADOWS UNITY_NO_LINEAR_COLORSPACE ok=1
Cmd: compileSnippet
  api=1 type=0 insize=5839 outsize=595 kw=LIGHTMAP_OFF DIRLIGHTMAP_OFF DYNAMICLIGHTMAP_OFF UNITY_HDR_ON pd= ok=1
Cmd: compileSnippet
  api=4 type=0 insize=5839 outsize=3801 kw=LIGHTMAP_OFF DIRLIGHTMAP_OFF DYNAMICLIGHTMAP_OFF UNITY_HDR_ON pd= ok=1
Cmd: compileSnippet
  api=4 type=1 insize=5839 outsize=1648 kw=LIGHTMAP_OFF DIRLIGHTMAP_OFF DYNAMICLIGHTMAP_OFF HDR_LIGHT_PREPASS_OFF pd= ok=1
Cmd: compileSnippet
  api=4 type=0 insize=1275 outsize=1956 kw=POINT SHADOWS_OFF pd= ok=1
Cmd: compileSnippet
  api=1 type=0 insize=1275 outsize=441 kw=POINT_COOKIE SHADOWS_OFF pd= ok=1
Cmd: compileSnippet
  api=1 type=0 insize=1275 outsize=441 kw=SPOT SHADOWS_DEPTH SHADOWS_NATIVE pd= ok=1
Cmd: compileSnippet
  api=4 type=0 insize=1275 outsize=1956 kw=DIRECTIONAL SHADOWS_SCREEN pd= ok=1
Cmd: compileSnippet
  api=4 type=0 insize=1275 outsize=1956 kw=POINT_COOKIE SHADOWS_CUBE pd= ok=1
Cmd: compileSnippet
  api=1 type=0 insize=1275 outsize=441 kw=POINT_COOKIE SHADOWS_CUBE SHADOWS_SOFT pd= ok=1
Cmd: compileSnippet
  api=4 type=1 insize=1275 outsize=4516 kw=POINT SHADOWS_OFF pd= ok=1
Cmd: compileSnippet
  api=1 type=1 insize=1275 outsize=1555 kw=POINT_COOKIE SHADOWS_OFF pd= ok=1
Cmd: compileSnippet
  api=1 type=1 insize=1275 outsize=1402 kw=DIRECTIONAL_COOKIE SHADOWS_OFF pd= ok=1
Cmd: compileSnippet
  api=1 type=1 insize=1275 outsize=1329 kw=DIRECTIONAL SHADOWS_SCREEN pd= ok=1
Cmd: compileSnippet
  api=4 type=1 insize=1275 outsize=5003 kw=POINT SHADOWS_CUBE pd= ok=1
Cmd: compileSnippet
  api=4 type=1 insize=1275 outsize=6669 kw=SPOT SHADOWS_DEPTH SHADOWS_SOFT SHADOWS_NATIVE pd= ok=1
Cmd: compileSnippet
  api=4 type=0 insize=1268 outsize=1956 kw=POINT SHADOWS_OFF pd= ok=1
Cmd: compileSnippet
  api=1 type=0 insize=1268 outsize=441 kw=POINT_COOKIE SHADOWS_OFF pd= ok=1
Cmd: compileSnippet
  api=1 type=0 insize=1268 outsize=441 kw=SPOT SHADOWS_DEPTH SHADOWS_NATIVE pd= ok=1
Cmd: compileSnippet
  api=4 type=0 insize=1268 outsize=1956 kw=DIRECTIONAL SHADOWS_SCREEN pd= ok=1
Cmd: compileSnippet
  api=4 type=0 insize=1268 outsize=1956 kw=POINT SHADOWS_CUBE pd= ok=1
Cmd: compileSnippet
  api=1 type=0 insize=1268 outsize=441 kw=POINT SHADOWS_CUBE SHADOWS_SOFT pd= ok=1
Cmd: compileSnippet
  api=1 type=0 insize=1268 outsize=441 kw=POINT_COOKIE SHADOWS_CUBE SHADOWS_SOFT pd= ok=1
Cmd: compileSnippet
  api=4 type=1 insize=1268 outsize=3906 kw=DIRECTIONAL SHADOWS_OFF pd= ok=1
Cmd: compileSnippet
  api=4 type=1 insize=1268 outsize=4946 kw=POINT_COOKIE SHADOWS_OFF pd= ok=1
Cmd: compileSnippet
  api=4 type=1 insize=1268 outsize=6011 kw=SPOT SHADOWS_DEPTH SHADOWS_NATIVE pd= ok=1
Cmd: compileSnippet
  api=4 type=1 insize=1268 outsize=4816 kw=DIRECTIONAL_COOKIE SHADOWS_SCREEN pd= ok=1
Cmd: compileSnippet
  api=4 type=1 insize=1268 outsize=5466 kw=POINT_COOKIE SHADOWS_CUBE pd= ok=1
Cmd: compileSnippet
  api=4 type=1 insize=1268 outsize=5759 kw=POINT SHADOWS_CUBE SHADOWS_SOFT pd= ok=1
Cmd: compileSnippet
  api=4 type=0 insize=1273 outsize=1956 kw=DIRECTIONAL SHADOWS_OFF pd= ok=1
Cmd: compileSnippet
  api=4 type=0 insize=1273 outsize=1956 kw=POINT_COOKIE SHADOWS_OFF pd= ok=1
Cmd: compileSnippet
  api=1 type=0 insize=1273 outsize=441 kw=DIRECTIONAL SHADOWS_SCREEN pd= ok=1
Cmd: compileSnippet
  api=4 type=0 insize=1273 outsize=1956 kw=DIRECTIONAL_COOKIE SHADOWS_SCREEN pd= ok=1
Cmd: compileSnippet
  api=1 type=0 insize=1273 outsize=441 kw=SPOT SHADOWS_DEPTH SHADOWS_SOFT SHADOWS_NATIVE pd= ok=1
Cmd: compileSnippet
  api=4 type=0 insize=1273 outsize=1956 kw=POINT SHADOWS_CUBE SHADOWS_SOFT pd= ok=1
Cmd: compileSnippet
  api=1 type=1 insize=1273 outsize=1156 kw=DIRECTIONAL SHADOWS_OFF pd= ok=1
Cmd: compileSnippet
  api=4 type=1 insize=1273 outsize=4946 kw=POINT_COOKIE SHADOWS_OFF pd= ok=1
Cmd: compileSnippet
  api=4 type=1 insize=1273 outsize=4483 kw=DIRECTIONAL_COOKIE SHADOWS_OFF pd= ok=1
Cmd: compileSnippet
  api=4 type=1 insize=1273 outsize=4207 kw=DIRECTIONAL SHADOWS_SCREEN pd= ok=1
Cmd: compileSnippet
  api=4 type=1 insize=1273 outsize=5466 kw=POINT_COOKIE SHADOWS_CUBE pd= ok=1
Cmd: compileSnippet
  api=1 type=1 insize=1273 outsize=1943 kw=POINT_COOKIE SHADOWS_CUBE SHADOWS_SOFT pd= ok=1
Cmd: compileSnippet
  api=4 type=0 insize=1934 outsize=1956 kw=DIRECTIONAL SHADOWS_OFF pd= ok=1
Cmd: compileSnippet
  api=4 type=0 insize=1934 outsize=1956 kw=POINT_COOKIE SHADOWS_OFF pd= ok=1
Cmd: compileSnippet
  api=1 type=0 insize=1934 outsize=441 kw=DIRECTIONAL SHADOWS_SCREEN pd= ok=1
Cmd: compileSnippet
  api=1 type=0 insize=1934 outsize=441 kw=POINT SHADOWS_CUBE pd= ok=1
Cmd: compileSnippet
  api=4 type=0 insize=1934 outsize=1956 kw=POINT_COOKIE SHADOWS_CUBE pd= ok=1
Cmd: compileSnippet
  api=1 type=0 insize=1934 outsize=441 kw=POINT_COOKIE SHADOWS_CUBE SHADOWS_SOFT pd= ok=1
Cmd: compileSnippet
  api=1 type=0 insize=1934 outsize=441 kw=DIRECTIONAL SHADOWS_OFF UNITY_HDR_ON pd= ok=1
Cmd: compileSnippet
  api=4 type=0 insize=1934 outsize=1956 kw=SPOT SHADOWS_OFF UNITY_HDR_ON pd= ok=1
Cmd: compileSnippet
  api=1 type=0 insize=1934 outsize=441 kw=SPOT SHADOWS_DEPTH SHADOWS_NATIVE UNITY_HDR_ON pd= ok=1
Cmd: compileSnippet
  api=4 type=0 insize=1934 outsize=1956 kw=DIRECTIONAL SHADOWS_SCREEN UNITY_HDR_ON pd= ok=1
Cmd: compileSnippet
  api=4 type=0 insize=1934 outsize=1956 kw=POINT SHADOWS_CUBE UNITY_HDR_ON pd= ok=1
Cmd: compileSnippet
  api=4 type=0 insize=1934 outsize=1956 kw=POINT SHADOWS_CUBE SHADOWS_SOFT UNITY_HDR_ON pd= ok=1
Cmd: compileSnippet
  api=1 type=1 insize=1934 outsize=2201 kw=DIRECTIONAL SHADOWS_OFF pd= ok=1
Cmd: compileSnippet
  api=1 type=1 insize=1934 outsize=2485 kw=POINT_COOKIE SHADOWS_OFF pd= ok=1
Cmd: compileSnippet
  api=1 type=1 insize=1934 outsize=2865 kw=SPOT SHADOWS_DEPTH SHADOWS_NATIVE pd= ok=1
Cmd: compileSnippet
  api=1 type=1 insize=1934 outsize=2595 kw=DIRECTIONAL_COOKIE SHADOWS_SCREEN pd= ok=1
Cmd: compileSnippet
  api=1 type=1 insize=1934 outsize=2653 kw=POINT_COOKIE SHADOWS_CUBE pd= ok=1
Cmd: compileSnippet
  api=4 type=1 insize=1934 outsize=7888 kw=POINT SHADOWS_CUBE SHADOWS_SOFT pd= ok=1
Cmd: compileSnippet
  api=1 type=1 insize=1934 outsize=2250 kw=POINT SHADOWS_OFF UNITY_HDR_ON pd= ok=1
Cmd: compileSnippet
  api=1 type=1 insize=1934 outsize=2443 kw=SPOT SHADOWS_OFF UNITY_HDR_ON pd= ok=1
Cmd: compileSnippet
  api=1 type=1 insize=1934 outsize=2245 kw=DIRECTIONAL_COOKIE SHADOWS_OFF UNITY_HDR_ON pd= ok=1
Cmd: compileSnippet
  api=4 type=1 insize=1934 outsize=6799 kw=DIRECTIONAL SHADOWS_SCREEN UNITY_HDR_ON pd= ok=1
Cmd: compileSnippet
  api=4 type=1 insize=1934 outsize=7043 kw=POINT SHADOWS_CUBE UNITY_HDR_ON pd= ok=1
Cmd: compileSnippet
  api=1 type=1 insize=1934 outsize=3048 kw=SPOT SHADOWS_DEPTH SHADOWS_SOFT SHADOWS_NATIVE UNITY_HDR_ON pd= ok=1
Cmd: compileSnippet
  api=4 type=1 insize=1934 outsize=8318 kw=POINT_COOKIE SHADOWS_CUBE SHADOWS_SOFT UNITY_HDR_ON pd= ok=1
Cmd: compileSnippet
  api=4 type=1 insize=683 outsize=721 kw= pd= ok=1
Cmd: compileSnippet
  api=4 type=1 insize=3264 outsize=6011 kw= pd= ok=1
Cmd: compileSnippet
  api=1 type=0 insize=859 outsize=244 kw=UNITY_HDR_ON pd= ok=1
Cmd: compileSnippet
  api=4 type=1 insize=859 outsize=721 kw= pd= ok=1
Cmd: compileSnippet
  api=8 type=1 insize=1420 outsize=2568 kw= pd=UNITY_NO_SCREENSPACE_SHADOWS UNITY_NO_LINEAR_COLORSPACE ok=1
Cmd: compileSnippet
  api=4 type=1 insize=6657 outsize=26876 kw= pd= ok=1
Cmd: compileSnippet
  api=8 type=0 insize=6657 outsize=1519 kw= pd=UNITY_NO_SCREENSPACE_SHADOWS UNITY_NO_LINEAR_COLORSPACE ok=1
Cmd: compileSnippet
  api=4 type=1 insize=1032 outsize=1526 kw= pd= ok=1
Cmd: compileSnippet
  api=8 type=0 insize=1032 outsize=1454 kw= pd=UNITY_NO_SCREENSPACE_SHADOWS UNITY_NO_LINEAR_COLORSPACE ok=1
Unhandled exception: Readfile from pipe failed. GLE=The pipe has been ended.


Quitting shader compiler process
